<?xml version="1.0" encoding="UTF-8"?>
<!-- Generated by org.testng.reporters.JUnitReportReporter -->
<testsuite hostname="DESKTOP-EDLROQB" failures="0" tests="2" name="Academy.HomePage" time="13.252" errors="0" timestamp="2020-12-14T22:29:06 IST" skipped="0">
  <testcase classname="Academy.HomePage" name="basePageNavigation" time="2.504"/>
  <system-out/>
  <testcase classname="Academy.HomePage" name="basePageNavigation" time="10.748"/>
  <system-out/>
</testsuite> <!-- Academy.HomePage -->
