<?xml version="1.0" encoding="UTF-8"?>
<!-- Generated by org.testng.reporters.JUnitReportReporter -->
<testsuite hostname="DESKTOP-EDLROQB" failures="0" tests="1" name="Academy.validateNavigationBar" time="0.063" errors="0" timestamp="2020-12-14T22:29:06 IST" skipped="0">
  <testcase classname="Academy.validateNavigationBar" name="basePageNavigation" time="0.063"/>
  <system-out/>
</testsuite> <!-- Academy.validateNavigationBar -->
