<?xml version="1.0" encoding="UTF-8"?>
<!-- Generated by org.testng.reporters.JUnitReportReporter -->
<testsuite hostname="DESKTOP-EDLROQB" failures="0" tests="2" name="Academy.HomePage" time="17.392" errors="0" timestamp="2020-12-13T17:10:26 IST" skipped="0">
  <testcase classname="Academy.HomePage" name="basePageNavigation" time="2.411"/>
  <system-out/>
  <testcase classname="Academy.HomePage" name="basePageNavigation" time="14.981"/>
  <system-out/>
</testsuite> <!-- Academy.HomePage -->
