<?xml version="1.0" encoding="UTF-8"?>
<!-- Generated by org.testng.reporters.JUnitReportReporter -->
<testsuite hostname="DESKTOP-EDLROQB" failures="0" tests="1" name="Academy.validateTitle" time="0.042" errors="0" timestamp="2020-12-13T17:10:26 IST" skipped="0">
  <testcase classname="Academy.validateTitle" name="basePageNavigation" time="0.042"/>
  <system-out/>
</testsuite> <!-- Academy.validateTitle -->
