<?xml version="1.0" encoding="UTF-8"?>
<!-- Generated by org.testng.reporters.JUnitReportReporter -->
<testsuite hostname="DESKTOP-EDLROQB" failures="0" tests="2" name="Academy.HomePage" time="17.720" errors="0" timestamp="2020-12-14T17:29:35 IST" skipped="0">
  <testcase classname="Academy.HomePage" name="basePageNavigation" time="2.016"/>
  <system-out/>
  <testcase classname="Academy.HomePage" name="basePageNavigation" time="15.704"/>
  <system-out/>
</testsuite> <!-- Academy.HomePage -->
